2026-04-28 20:10:09.372 +06:00 [INF] GET / => 200 in 9481ms
2026-04-28 20:10:09.418 +06:00 [INF] GET /css/layout.css?v=QMPHCxA_6v7NLe0Yn5HIKELfUHSCYtDRPyAMJdId3Z0 => 304 in 4ms
2026-04-28 20:10:09.418 +06:00 [INF] GET /css/site.css?v=JHook7q1pfCQ622gj7P0hDjpdH_FiVqakQxFBj76wYA => 304 in 5ms
2026-04-28 20:10:09.425 +06:00 [INF] GET /css/pagination.css?v=rfOGRPnozQEnbgPlKfPx-iBcWx-P9pcxckTPx4KpiJY => 200 in 12ms
2026-04-28 20:10:12.332 +06:00 [INF] Found 0 products with low stock (threshold: 10)
2026-04-28 20:10:12.337 +06:00 [INF] Retrieved 0 pending approval users
2026-04-28 20:10:12.648 +06:00 [INF] GET /api/products/low-stock?threshold=10 => 200 in 3039ms
2026-04-28 20:10:12.648 +06:00 [INF] GET /api/customers => 200 in 3040ms
2026-04-28 20:10:12.657 +06:00 [INF] GET /api/invoices/stats => 200 in 3049ms
2026-04-28 20:10:12.660 +06:00 [INF] GET /api/users/pending => 200 in 3078ms
2026-04-28 20:10:12.717 +06:00 [INF] GET /api/invoices?page=1&size=6 => 200 in 3109ms
2026-04-28 20:10:12.788 +06:00 [INF] Retrieved 0 pending approval users
2026-04-28 20:10:12.792 +06:00 [INF] GET /api/users/pending => 200 in 127ms
2026-04-28 20:10:15.719 +06:00 [INF] Retrieved 0 pending approval users
2026-04-28 20:10:15.746 +06:00 [INF] GET /admin/pending => 200 in 59ms
2026-04-28 20:10:15.820 +06:00 [INF] Retrieved 0 pending approval users
2026-04-28 20:10:15.826 +06:00 [INF] GET /api/users/pending => 200 in 17ms
2026-04-28 20:10:17.966 +06:00 [INF] GET /Users/List => 200 in 41ms
2026-04-28 20:10:17.998 +06:00 [INF] Retrieved 0 pending approval users
2026-04-28 20:10:18.002 +06:00 [INF] GET /api/users/pending => 200 in 6ms
2026-04-28 20:10:26.895 +06:00 [ERR] The view 'ManageAdmins' was not found. Searched locations: ["/Views/Admin/ManageAdmins.cshtml","/Views/Shared/ManageAdmins.cshtml"]
2026-04-28 20:10:26.908 +06:00 [WRN] Bad request: /admin/manage-admins
System.InvalidOperationException: The view 'ManageAdmins' was not found. The following locations were searched:
/Views/Admin/ManageAdmins.cshtml
/Views/Shared/ManageAdmins.cshtml
   at Microsoft.AspNetCore.Mvc.ViewEngines.ViewEngineResult.EnsureSuccessful(IEnumerable`1 originalLocations)
   at Microsoft.AspNetCore.Mvc.ViewFeatures.ViewResultExecutor.ExecuteAsync(ActionContext context, ViewResult result)
   at Microsoft.AspNetCore.Mvc.ViewResult.ExecuteResultAsync(ActionContext context)
   at Microsoft.AspNetCore.Mvc.Infrastructure.ResourceInvoker.<InvokeNextResultFilterAsync>g__Awaited|30_0[TFilter,TFilterAsync](ResourceInvoker invoker, Task lastTask, State next, Scope scope, Object state, Boolean isCompleted)
   at Microsoft.AspNetCore.Mvc.Infrastructure.ResourceInvoker.Rethrow(ResultExecutedContextSealed context)
   at Microsoft.AspNetCore.Mvc.Infrastructure.ResourceInvoker.ResultNext[TFilter,TFilterAsync](State& next, Scope& scope, Object& state, Boolean& isCompleted)
   at Microsoft.AspNetCore.Mvc.Infrastructure.ResourceInvoker.InvokeResultFilters()
--- End of stack trace from previous location ---
   at Microsoft.AspNetCore.Mvc.Infrastructure.ResourceInvoker.<InvokeNextResourceFilter>g__Awaited|25_0(ResourceInvoker invoker, Task lastTask, State next, Scope scope, Object state, Boolean isCompleted)
   at Microsoft.AspNetCore.Mvc.Infrastructure.ResourceInvoker.Rethrow(ResourceExecutedContextSealed context)
   at Microsoft.AspNetCore.Mvc.Infrastructure.ResourceInvoker.Next(State& next, Scope& scope, Object& state, Boolean& isCompleted)
   at Microsoft.AspNetCore.Mvc.Infrastructure.ResourceInvoker.<InvokeFilterPipelineAsync>g__Awaited|20_0(ResourceInvoker invoker, Task lastTask, State next, Scope scope, Object state, Boolean isCompleted)
   at Microsoft.AspNetCore.Mvc.Infrastructure.ResourceInvoker.<InvokeAsync>g__Awaited|17_0(ResourceInvoker invoker, Task task, IDisposable scope)
   at Microsoft.AspNetCore.Mvc.Infrastructure.ResourceInvoker.<InvokeAsync>g__Awaited|17_0(ResourceInvoker invoker, Task task, IDisposable scope)
   at Swashbuckle.AspNetCore.SwaggerUI.SwaggerUIMiddleware.Invoke(HttpContext httpContext)
   at Swashbuckle.AspNetCore.Swagger.SwaggerMiddleware.Invoke(HttpContext httpContext, ISwaggerProvider swaggerProvider)
   at Microsoft.AspNetCore.Authorization.AuthorizationMiddleware.Invoke(HttpContext context)
   at Microsoft.AspNetCore.Authentication.AuthenticationMiddleware.Invoke(HttpContext context)
   at Microsoft.AspNetCore.Session.SessionMiddleware.Invoke(HttpContext context)
   at Microsoft.AspNetCore.Session.SessionMiddleware.Invoke(HttpContext context)
   at VaatcoBMS.Web.Middleware.RequestLoggingMiddleware.InvokeAsync(HttpContext ctx) in H:\VaatcoBMS\VaatcoBMS.Web\Middleware\RequestLoggingMiddleware.cs:line 10
   at VaatcoBMS.Web.Middleware.ExceptionHandlingMiddleware.InvokeAsync(HttpContext ctx) in H:\VaatcoBMS\VaatcoBMS.Web\Middleware\ExceptionHandlingMiddleware.cs:line 9
2026-04-28 20:10:26.985 +06:00 [INF] GET /Auth/Login?error=The%20view%20%27ManageAdmins%27%20was%20not%20found.%20The%20following%20locations%20were%20searched%3A%0D%0A%2FViews%2FAdmin%2FManageAdmins.cshtml%0D%0A%2FViews%2FShared%2FManageAdmins.cshtml => 302 in 25ms
2026-04-28 20:10:26.997 +06:00 [INF] GET / => 200 in 1ms
2026-04-28 20:10:27.034 +06:00 [INF] Retrieved 0 pending approval users
2026-04-28 20:10:27.037 +06:00 [INF] GET /api/users/pending => 200 in 10ms
2026-04-28 20:10:27.078 +06:00 [INF] Retrieved 0 pending approval users
2026-04-28 20:10:27.089 +06:00 [INF] Found 0 products with low stock (threshold: 10)
2026-04-28 20:10:27.091 +06:00 [INF] GET /api/users/pending => 200 in 20ms
2026-04-28 20:10:27.097 +06:00 [INF] GET /api/products/low-stock?threshold=10 => 200 in 27ms
2026-04-28 20:10:27.117 +06:00 [INF] GET /api/invoices?page=1&size=6 => 200 in 48ms
2026-04-28 20:10:27.128 +06:00 [INF] GET /api/customers => 200 in 61ms
2026-04-28 20:10:27.149 +06:00 [INF] GET /api/invoices/stats => 200 in 85ms
2026-04-28 20:10:29.951 +06:00 [INF] GET /Customers => 200 in 112ms
2026-04-28 20:10:29.991 +06:00 [INF] Retrieved 0 pending approval users
2026-04-28 20:10:29.994 +06:00 [INF] GET /api/users/pending => 200 in 13ms
2026-04-28 20:10:30.021 +06:00 [INF] GET /api/customers?page=1&pageSize=20&search= => 200 in 15ms
2026-04-28 20:10:40.196 +06:00 [INF] GET /Products => 200 in 48ms
2026-04-28 20:10:40.249 +06:00 [INF] Retrieved 0 pending approval users
2026-04-28 20:10:40.253 +06:00 [INF] GET /api/users/pending => 200 in 10ms
2026-04-28 20:10:40.396 +06:00 [INF] GET /api/products?page=1&pageSize=20&search=&stockStatus=&isActive=&sortBy=name&sortDir=asc => 200 in 131ms
2026-04-28 20:10:40.442 +06:00 [INF] GET /api/products?pageSize=1&stockStatus=OK => 200 in 175ms
2026-04-28 20:10:40.442 +06:00 [INF] GET /api/products?pageSize=1&stockStatus=Low => 200 in 175ms
2026-04-28 20:10:40.565 +06:00 [INF] GET /api/products?pageSize=1&isActive=true => 200 in 299ms
2026-04-28 20:10:40.595 +06:00 [INF] GET /api/products?pageSize=1&stockStatus=Out%20of%20Stock => 200 in 324ms
2026-04-28 20:10:41.856 +06:00 [INF] GET /api/products/2 => 200 in 107ms
2026-04-28 20:10:49.395 +06:00 [INF] Product updated successfully. Id: 2, Code: V-45
2026-04-28 20:10:49.401 +06:00 [INF] PUT /api/products/2 => 200 in 296ms
2026-04-28 20:10:49.435 +06:00 [INF] GET /api/products?pageSize=1&stockStatus=Low => 200 in 19ms
2026-04-28 20:10:49.445 +06:00 [INF] GET /api/products?pageSize=1&isActive=true => 200 in 31ms
2026-04-28 20:10:49.445 +06:00 [INF] GET /api/products?pageSize=1&stockStatus=OK => 200 in 31ms
2026-04-28 20:10:49.452 +06:00 [INF] GET /api/products?page=1&pageSize=20&search=&stockStatus=&isActive=&sortBy=name&sortDir=asc => 200 in 38ms
2026-04-28 20:10:49.452 +06:00 [INF] GET /api/products?pageSize=1&stockStatus=Out%20of%20Stock => 200 in 36ms
2026-04-28 20:11:01.857 +06:00 [INF] GET /Invoices => 200 in 220ms
2026-04-28 20:11:01.909 +06:00 [INF] Retrieved 0 pending approval users
2026-04-28 20:11:01.914 +06:00 [INF] GET /api/users/pending => 200 in 12ms
2026-04-28 20:11:01.933 +06:00 [INF] GET /api/invoices/stats => 200 in 8ms
2026-04-28 20:11:01.946 +06:00 [INF] GET /api/invoices?page=1&pageSize=20&search=&status= => 200 in 20ms
2026-04-28 20:11:05.403 +06:00 [WRN] Compiling a query which loads related collections for more than one collection navigation, either via 'Include' or through projection, but no 'QuerySplittingBehavior' has been configured. By default, Entity Framework will use 'QuerySplittingBehavior.SingleQuery', which can potentially result in slow query performance. See https://go.microsoft.com/fwlink/?linkid=2134277 for more information. To identify the query that's triggering this warning call 'ConfigureWarnings(w => w.Throw(RelationalEventId.MultipleCollectionIncludeWarning))'.
2026-04-28 20:11:05.517 +06:00 [INF] GET /Invoices/2 => 200 in 146ms
2026-04-28 20:11:05.611 +06:00 [INF] Retrieved 0 pending approval users
2026-04-28 20:11:05.616 +06:00 [INF] GET /api/users/pending => 200 in 9ms
2026-04-28 20:11:28.385 +06:00 [INF] GET /Invoices/Create => 200 in 45ms
2026-04-28 20:11:28.432 +06:00 [INF] Retrieved 0 pending approval users
2026-04-28 20:11:28.435 +06:00 [INF] GET /api/users/pending => 200 in 19ms
2026-04-28 20:11:28.466 +06:00 [INF] GET /api/customers => 200 in 11ms
2026-04-28 20:11:28.476 +06:00 [INF] GET /api/products/active => 200 in 21ms
2026-04-28 20:12:06.003 +06:00 [INF] Invoice INV-1003 created by user 1
2026-04-28 20:12:06.014 +06:00 [INF] POST /api/invoices => 200 in 276ms
2026-04-28 20:12:06.658 +06:00 [INF] GET /Invoices/4 => 200 in 14ms
2026-04-28 20:12:06.701 +06:00 [INF] Retrieved 0 pending approval users
2026-04-28 20:12:06.705 +06:00 [INF] GET /api/users/pending => 200 in 6ms
2026-04-28 20:12:19.432 +06:00 [INF] GET /Home/Index => 200 in 1ms
2026-04-28 20:12:19.516 +06:00 [INF] Found 0 products with low stock (threshold: 10)
2026-04-28 20:12:19.517 +06:00 [INF] Retrieved 0 pending approval users
2026-04-28 20:12:19.522 +06:00 [INF] GET /api/products/low-stock?threshold=10 => 200 in 15ms
2026-04-28 20:12:19.523 +06:00 [INF] GET /api/invoices/stats => 200 in 21ms
2026-04-28 20:12:19.524 +06:00 [INF] GET /api/users/pending => 200 in 38ms
2026-04-28 20:12:19.532 +06:00 [INF] Retrieved 0 pending approval users
2026-04-28 20:12:19.542 +06:00 [INF] GET /api/customers => 200 in 39ms
2026-04-28 20:12:19.542 +06:00 [INF] GET /api/invoices?page=1&size=6 => 200 in 38ms
2026-04-28 20:12:19.548 +06:00 [INF] GET /api/users/pending => 200 in 21ms
2026-04-28 20:12:28.851 +06:00 [INF] GET /Customers => 200 in 4ms
2026-04-28 20:12:28.889 +06:00 [INF] Retrieved 0 pending approval users
2026-04-28 20:12:28.893 +06:00 [INF] GET /api/users/pending => 200 in 5ms
2026-04-28 20:12:28.915 +06:00 [INF] GET /api/customers?page=1&pageSize=20&search= => 200 in 4ms
2026-04-28 20:12:34.655 +06:00 [INF] GET /Products => 200 in 7ms
2026-04-28 20:12:34.690 +06:00 [INF] Retrieved 0 pending approval users
2026-04-28 20:12:34.693 +06:00 [INF] GET /api/users/pending => 200 in 5ms
2026-04-28 20:12:34.765 +06:00 [INF] GET /api/products?page=1&pageSize=20&search=&stockStatus=&isActive=&sortBy=name&sortDir=asc => 200 in 47ms
2026-04-28 20:12:34.765 +06:00 [INF] GET /api/products?pageSize=1&isActive=true => 200 in 44ms
2026-04-28 20:12:34.766 +06:00 [INF] GET /api/products?pageSize=1&stockStatus=OK => 200 in 46ms
2026-04-28 20:12:34.768 +06:00 [INF] GET /api/products?pageSize=1&stockStatus=Low => 200 in 48ms
2026-04-28 20:12:34.772 +06:00 [INF] GET /api/products?pageSize=1&stockStatus=Out%20of%20Stock => 200 in 51ms
2026-04-28 20:13:18.452 +06:00 [INF] Product created successfully. Id: 3, Code: Odonill, Name: Odonoll granular
2026-04-28 20:13:18.456 +06:00 [INF] POST /api/products => 200 in 56ms
2026-04-28 20:13:18.476 +06:00 [INF] GET /api/products?page=1&pageSize=20&search=&stockStatus=&isActive=&sortBy=name&sortDir=asc => 200 in 11ms
2026-04-28 20:13:18.478 +06:00 [INF] GET /api/products?pageSize=1&isActive=true => 200 in 12ms
2026-04-28 20:13:18.482 +06:00 [INF] GET /api/products?pageSize=1&stockStatus=OK => 200 in 16ms
2026-04-28 20:13:18.485 +06:00 [INF] GET /api/products?pageSize=1&stockStatus=Low => 200 in 17ms
2026-04-28 20:13:18.545 +06:00 [INF] GET /api/products?pageSize=1&stockStatus=Out%20of%20Stock => 200 in 76ms
2026-04-28 20:13:28.508 +06:00 [INF] GET /api/products?page=1&pageSize=20&search=&stockStatus=OK&isActive=&sortBy=name&sortDir=asc => 200 in 15ms
2026-04-28 20:13:30.007 +06:00 [INF] GET /api/products?page=1&pageSize=20&search=&stockStatus=Low&isActive=&sortBy=name&sortDir=asc => 200 in 6ms
2026-04-28 20:13:31.631 +06:00 [INF] GET /api/products?page=1&pageSize=20&search=&stockStatus=Out%20of%20Stock&isActive=&sortBy=name&sortDir=asc => 200 in 6ms
2026-04-28 20:13:33.394 +06:00 [INF] GET /api/products?page=1&pageSize=20&search=&stockStatus=&isActive=&sortBy=name&sortDir=asc => 200 in 8ms
2026-04-28 20:13:34.970 +06:00 [INF] GET /api/products?page=1&pageSize=20&search=&stockStatus=&isActive=true&sortBy=name&sortDir=asc => 200 in 7ms
2026-04-28 20:13:36.303 +06:00 [INF] GET /api/products?page=1&pageSize=20&search=&stockStatus=&isActive=false&sortBy=name&sortDir=asc => 200 in 6ms
2026-04-28 20:13:37.400 +06:00 [INF] GET /api/products?page=1&pageSize=20&search=&stockStatus=&isActive=&sortBy=name&sortDir=asc => 200 in 4ms
2026-04-28 20:13:38.734 +06:00 [INF] GET /api/products?page=1&pageSize=20&search=&stockStatus=&isActive=&sortBy=code&sortDir=asc => 200 in 49ms
2026-04-28 20:13:40.860 +06:00 [INF] GET /api/products?page=1&pageSize=20&search=&stockStatus=&isActive=&sortBy=price&sortDir=asc => 200 in 7ms
2026-04-28 20:13:42.470 +06:00 [INF] GET /api/products?page=1&pageSize=20&search=&stockStatus=&isActive=&sortBy=stock&sortDir=asc => 200 in 199ms
2026-04-28 20:13:43.313 +06:00 [INF] GET /api/products?page=1&pageSize=20&search=&stockStatus=&isActive=&sortBy=stock&sortDir=desc => 200 in 31ms
2026-04-28 20:13:43.926 +06:00 [INF] GET /api/products?page=1&pageSize=20&search=&stockStatus=&isActive=&sortBy=stock&sortDir=asc => 200 in 3ms
2026-04-28 20:13:47.588 +06:00 [INF] GET /Invoices => 200 in 22ms
2026-04-28 20:13:47.636 +06:00 [INF] Retrieved 0 pending approval users
2026-04-28 20:13:47.641 +06:00 [INF] GET /api/users/pending => 200 in 8ms
2026-04-28 20:13:47.669 +06:00 [INF] GET /api/invoices/stats => 200 in 8ms
2026-04-28 20:13:47.684 +06:00 [INF] GET /api/invoices?page=1&pageSize=20&search=&status= => 200 in 22ms
2026-04-28 20:13:50.246 +06:00 [INF] GET /api/invoices?page=1&pageSize=20&search=&status=Draft => 200 in 161ms
2026-04-28 20:13:51.667 +06:00 [INF] GET /api/invoices?page=1&pageSize=20&search=&status=Approved => 200 in 7ms
2026-04-28 20:13:53.754 +06:00 [INF] GET /api/invoices?page=1&pageSize=20&search=&status=Paid => 200 in 6ms
2026-04-28 20:13:55.934 +06:00 [INF] GET /api/invoices?page=1&pageSize=20&search=&status=Cancelled => 200 in 3ms
2026-04-28 20:13:57.059 +06:00 [INF] GET /api/invoices?page=1&pageSize=20&search=&status= => 200 in 4ms
2026-04-28 20:14:04.170 +06:00 [WRN] Bad request: /api/invoices
System.InvalidOperationException: The LINQ expression 'DbSet<Invoice>()
    .Where(i => i.InvoiceNumber.Contains(
        value: __term_0, 
        comparisonType: CurrentCultureIgnoreCase) || i.ReferenceNumber != null && i.ReferenceNumber.Contains(
        value: __term_0, 
        comparisonType: CurrentCultureIgnoreCase))' could not be translated. Additional information: Translation of method 'string.Contains' failed. If this method can be mapped to your custom function, see https://go.microsoft.com/fwlink/?linkid=2132413 for more information.
Translation of method 'string.Contains' failed. If this method can be mapped to your custom function, see https://go.microsoft.com/fwlink/?linkid=2132413 for more information. Either rewrite the query in a form that can be translated, or switch to client evaluation explicitly by inserting a call to 'AsEnumerable', 'AsAsyncEnumerable', 'ToList', or 'ToListAsync'. See https://go.microsoft.com/fwlink/?linkid=2101038 for more information.
   at Microsoft.EntityFrameworkCore.Query.QueryableMethodTranslatingExpressionVisitor.Translate(Expression expression)
   at Microsoft.EntityFrameworkCore.Query.RelationalQueryableMethodTranslatingExpressionVisitor.Translate(Expression expression)
   at Microsoft.EntityFrameworkCore.Query.QueryCompilationContext.CreateQueryExecutor[TResult](Expression query)
   at Microsoft.EntityFrameworkCore.Storage.Database.CompileQuery[TResult](Expression query, Boolean async)
   at Microsoft.EntityFrameworkCore.Query.Internal.QueryCompiler.CompileQueryCore[TResult](IDatabase database, Expression query, IModel model, Boolean async)
   at Microsoft.EntityFrameworkCore.Query.Internal.QueryCompiler.<>c__DisplayClass12_0`1.<ExecuteAsync>b__0()
   at Microsoft.EntityFrameworkCore.Query.Internal.CompiledQueryCache.GetOrAddQuery[TResult](Object cacheKey, Func`1 compiler)
   at Microsoft.EntityFrameworkCore.Query.Internal.QueryCompiler.ExecuteAsync[TResult](Expression query, CancellationToken cancellationToken)
   at Microsoft.EntityFrameworkCore.EntityFrameworkQueryableExtensions.ExecuteAsync[TSource,TResult](MethodInfo operatorMethodInfo, IQueryable`1 source, Expression expression, CancellationToken cancellationToken)
   at Microsoft.EntityFrameworkCore.EntityFrameworkQueryableExtensions.ExecuteAsync[TSource,TResult](MethodInfo operatorMethodInfo, IQueryable`1 source, CancellationToken cancellationToken)
   at Microsoft.EntityFrameworkCore.EntityFrameworkQueryableExtensions.CountAsync[TSource](IQueryable`1 source, CancellationToken cancellationToken)
   at VaatcoBMS.Infrastructure.Repositories.InvoiceRepository.GetPagedAsync(InvoiceQueryParams q) in H:\VaatcoBMS\VaatcoBMS.Infrastructure\Repositories\InvoiceRepository.cs:line 104
   at VaatcoBMS.Application.Services.InvoiceService.GetPagedAsync(InvoiceQueryParams q) in H:\VaatcoBMS\VaatcoBMS.Application\Services\InvoiceService.cs:line 226
   at VaatcoBMS.Web.Controllers.Api.InvoiceApiController.GetAll(InvoiceQueryParams q) in H:\VaatcoBMS\VaatcoBMS.Web\Controllers\Api\InvoiceApiController.cs:line 29
   at Microsoft.AspNetCore.Mvc.Infrastructure.ActionMethodExecutor.TaskOfIActionResultExecutor.Execute(ActionContext actionContext, IActionResultTypeMapper mapper, ObjectMethodExecutor executor, Object controller, Object[] arguments)
   at Microsoft.AspNetCore.Mvc.Infrastructure.ControllerActionInvoker.<InvokeActionMethodAsync>g__Awaited|12_0(ControllerActionInvoker invoker, ValueTask`1 actionResultValueTask)
   at Microsoft.AspNetCore.Mvc.Infrastructure.ControllerActionInvoker.<InvokeNextActionFilterAsync>g__Awaited|10_0(ControllerActionInvoker invoker, Task lastTask, State next, Scope scope, Object state, Boolean isCompleted)
   at Microsoft.AspNetCore.Mvc.Infrastructure.ControllerActionInvoker.Rethrow(ActionExecutedContextSealed context)
   at Microsoft.AspNetCore.Mvc.Infrastructure.ControllerActionInvoker.Next(State& next, Scope& scope, Object& state, Boolean& isCompleted)
   at Microsoft.AspNetCore.Mvc.Infrastructure.ControllerActionInvoker.InvokeInnerFilterAsync()
--- End of stack trace from previous location ---
   at Microsoft.AspNetCore.Mvc.Infrastructure.ResourceInvoker.<InvokeNextResourceFilter>g__Awaited|25_0(ResourceInvoker invoker, Task lastTask, State next, Scope scope, Object state, Boolean isCompleted)
   at Microsoft.AspNetCore.Mvc.Infrastructure.ResourceInvoker.Rethrow(ResourceExecutedContextSealed context)
   at Microsoft.AspNetCore.Mvc.Infrastructure.ResourceInvoker.Next(State& next, Scope& scope, Object& state, Boolean& isCompleted)
   at Microsoft.AspNetCore.Mvc.Infrastructure.ResourceInvoker.InvokeFilterPipelineAsync()
--- End of stack trace from previous location ---
   at Microsoft.AspNetCore.Mvc.Infrastructure.ResourceInvoker.<InvokeAsync>g__Awaited|17_0(ResourceInvoker invoker, Task task, IDisposable scope)
   at Microsoft.AspNetCore.Mvc.Infrastructure.ResourceInvoker.<InvokeAsync>g__Awaited|17_0(ResourceInvoker invoker, Task task, IDisposable scope)
   at Swashbuckle.AspNetCore.SwaggerUI.SwaggerUIMiddleware.Invoke(HttpContext httpContext)
   at Swashbuckle.AspNetCore.Swagger.SwaggerMiddleware.Invoke(HttpContext httpContext, ISwaggerProvider swaggerProvider)
   at Microsoft.AspNetCore.Authorization.AuthorizationMiddleware.Invoke(HttpContext context)
   at Microsoft.AspNetCore.Authentication.AuthenticationMiddleware.Invoke(HttpContext context)
   at Microsoft.AspNetCore.Session.SessionMiddleware.Invoke(HttpContext context)
   at Microsoft.AspNetCore.Session.SessionMiddleware.Invoke(HttpContext context)
   at VaatcoBMS.Web.Middleware.RequestLoggingMiddleware.InvokeAsync(HttpContext ctx) in H:\VaatcoBMS\VaatcoBMS.Web\Middleware\RequestLoggingMiddleware.cs:line 10
   at VaatcoBMS.Web.Middleware.ExceptionHandlingMiddleware.InvokeAsync(HttpContext ctx) in H:\VaatcoBMS\VaatcoBMS.Web\Middleware\ExceptionHandlingMiddleware.cs:line 9
2026-04-28 20:14:05.118 +06:00 [WRN] Bad request: /api/invoices
System.InvalidOperationException: The LINQ expression 'DbSet<Invoice>()
    .Where(i => i.InvoiceNumber.Contains(
        value: __term_0, 
        comparisonType: CurrentCultureIgnoreCase) || i.ReferenceNumber != null && i.ReferenceNumber.Contains(
        value: __term_0, 
        comparisonType: CurrentCultureIgnoreCase))' could not be translated. Additional information: Translation of method 'string.Contains' failed. If this method can be mapped to your custom function, see https://go.microsoft.com/fwlink/?linkid=2132413 for more information.
Translation of method 'string.Contains' failed. If this method can be mapped to your custom function, see https://go.microsoft.com/fwlink/?linkid=2132413 for more information. Either rewrite the query in a form that can be translated, or switch to client evaluation explicitly by inserting a call to 'AsEnumerable', 'AsAsyncEnumerable', 'ToList', or 'ToListAsync'. See https://go.microsoft.com/fwlink/?linkid=2101038 for more information.
   at Microsoft.EntityFrameworkCore.Query.QueryableMethodTranslatingExpressionVisitor.Translate(Expression expression)
   at Microsoft.EntityFrameworkCore.Query.RelationalQueryableMethodTranslatingExpressionVisitor.Translate(Expression expression)
   at Microsoft.EntityFrameworkCore.Query.QueryCompilationContext.CreateQueryExecutor[TResult](Expression query)
   at Microsoft.EntityFrameworkCore.Storage.Database.CompileQuery[TResult](Expression query, Boolean async)
   at Microsoft.EntityFrameworkCore.Query.Internal.QueryCompiler.CompileQueryCore[TResult](IDatabase database, Expression query, IModel model, Boolean async)
   at Microsoft.EntityFrameworkCore.Query.Internal.QueryCompiler.<>c__DisplayClass12_0`1.<ExecuteAsync>b__0()
   at Microsoft.EntityFrameworkCore.Query.Internal.CompiledQueryCache.GetOrAddQuery[TResult](Object cacheKey, Func`1 compiler)
   at Microsoft.EntityFrameworkCore.Query.Internal.QueryCompiler.ExecuteAsync[TResult](Expression query, CancellationToken cancellationToken)
   at Microsoft.EntityFrameworkCore.EntityFrameworkQueryableExtensions.ExecuteAsync[TSource,TResult](MethodInfo operatorMethodInfo, IQueryable`1 source, Expression expression, CancellationToken cancellationToken)
   at Microsoft.EntityFrameworkCore.EntityFrameworkQueryableExtensions.ExecuteAsync[TSource,TResult](MethodInfo operatorMethodInfo, IQueryable`1 source, CancellationToken cancellationToken)
   at Microsoft.EntityFrameworkCore.EntityFrameworkQueryableExtensions.CountAsync[TSource](IQueryable`1 source, CancellationToken cancellationToken)
   at VaatcoBMS.Infrastructure.Repositories.InvoiceRepository.GetPagedAsync(InvoiceQueryParams q) in H:\VaatcoBMS\VaatcoBMS.Infrastructure\Repositories\InvoiceRepository.cs:line 104
   at VaatcoBMS.Application.Services.InvoiceService.GetPagedAsync(InvoiceQueryParams q) in H:\VaatcoBMS\VaatcoBMS.Application\Services\InvoiceService.cs:line 226
   at VaatcoBMS.Web.Controllers.Api.InvoiceApiController.GetAll(InvoiceQueryParams q) in H:\VaatcoBMS\VaatcoBMS.Web\Controllers\Api\InvoiceApiController.cs:line 29
   at Microsoft.AspNetCore.Mvc.Infrastructure.ActionMethodExecutor.TaskOfIActionResultExecutor.Execute(ActionContext actionContext, IActionResultTypeMapper mapper, ObjectMethodExecutor executor, Object controller, Object[] arguments)
   at Microsoft.AspNetCore.Mvc.Infrastructure.ControllerActionInvoker.<InvokeActionMethodAsync>g__Awaited|12_0(ControllerActionInvoker invoker, ValueTask`1 actionResultValueTask)
   at Microsoft.AspNetCore.Mvc.Infrastructure.ControllerActionInvoker.<InvokeNextActionFilterAsync>g__Awaited|10_0(ControllerActionInvoker invoker, Task lastTask, State next, Scope scope, Object state, Boolean isCompleted)
   at Microsoft.AspNetCore.Mvc.Infrastructure.ControllerActionInvoker.Rethrow(ActionExecutedContextSealed context)
   at Microsoft.AspNetCore.Mvc.Infrastructure.ControllerActionInvoker.Next(State& next, Scope& scope, Object& state, Boolean& isCompleted)
   at Microsoft.AspNetCore.Mvc.Infrastructure.ControllerActionInvoker.InvokeInnerFilterAsync()
--- End of stack trace from previous location ---
   at Microsoft.AspNetCore.Mvc.Infrastructure.ResourceInvoker.<InvokeNextResourceFilter>g__Awaited|25_0(ResourceInvoker invoker, Task lastTask, State next, Scope scope, Object state, Boolean isCompleted)
   at Microsoft.AspNetCore.Mvc.Infrastructure.ResourceInvoker.Rethrow(ResourceExecutedContextSealed context)
   at Microsoft.AspNetCore.Mvc.Infrastructure.ResourceInvoker.Next(State& next, Scope& scope, Object& state, Boolean& isCompleted)
   at Microsoft.AspNetCore.Mvc.Infrastructure.ResourceInvoker.InvokeFilterPipelineAsync()
--- End of stack trace from previous location ---
   at Microsoft.AspNetCore.Mvc.Infrastructure.ResourceInvoker.<InvokeAsync>g__Awaited|17_0(ResourceInvoker invoker, Task task, IDisposable scope)
   at Microsoft.AspNetCore.Mvc.Infrastructure.ResourceInvoker.<InvokeAsync>g__Awaited|17_0(ResourceInvoker invoker, Task task, IDisposable scope)
   at Swashbuckle.AspNetCore.SwaggerUI.SwaggerUIMiddleware.Invoke(HttpContext httpContext)
   at Swashbuckle.AspNetCore.Swagger.SwaggerMiddleware.Invoke(HttpContext httpContext, ISwaggerProvider swaggerProvider)
   at Microsoft.AspNetCore.Authorization.AuthorizationMiddleware.Invoke(HttpContext context)
   at Microsoft.AspNetCore.Authentication.AuthenticationMiddleware.Invoke(HttpContext context)
   at Microsoft.AspNetCore.Session.SessionMiddleware.Invoke(HttpContext context)
   at Microsoft.AspNetCore.Session.SessionMiddleware.Invoke(HttpContext context)
   at VaatcoBMS.Web.Middleware.RequestLoggingMiddleware.InvokeAsync(HttpContext ctx) in H:\VaatcoBMS\VaatcoBMS.Web\Middleware\RequestLoggingMiddleware.cs:line 10
   at VaatcoBMS.Web.Middleware.ExceptionHandlingMiddleware.InvokeAsync(HttpContext ctx) in H:\VaatcoBMS\VaatcoBMS.Web\Middleware\ExceptionHandlingMiddleware.cs:line 9
2026-04-28 20:14:07.028 +06:00 [INF] GET /api/invoices?page=1&pageSize=20&search=&status= => 200 in 6ms
2026-04-28 20:14:08.130 +06:00 [WRN] Bad request: /api/invoices
System.InvalidOperationException: The LINQ expression 'DbSet<Invoice>()
    .Where(i => i.InvoiceNumber.Contains(
        value: __term_0, 
        comparisonType: CurrentCultureIgnoreCase) || i.ReferenceNumber != null && i.ReferenceNumber.Contains(
        value: __term_0, 
        comparisonType: CurrentCultureIgnoreCase))' could not be translated. Additional information: Translation of method 'string.Contains' failed. If this method can be mapped to your custom function, see https://go.microsoft.com/fwlink/?linkid=2132413 for more information.
Translation of method 'string.Contains' failed. If this method can be mapped to your custom function, see https://go.microsoft.com/fwlink/?linkid=2132413 for more information. Either rewrite the query in a form that can be translated, or switch to client evaluation explicitly by inserting a call to 'AsEnumerable', 'AsAsyncEnumerable', 'ToList', or 'ToListAsync'. See https://go.microsoft.com/fwlink/?linkid=2101038 for more information.
   at Microsoft.EntityFrameworkCore.Query.QueryableMethodTranslatingExpressionVisitor.Translate(Expression expression)
   at Microsoft.EntityFrameworkCore.Query.RelationalQueryableMethodTranslatingExpressionVisitor.Translate(Expression expression)
   at Microsoft.EntityFrameworkCore.Query.QueryCompilationContext.CreateQueryExecutor[TResult](Expression query)
   at Microsoft.EntityFrameworkCore.Storage.Database.CompileQuery[TResult](Expression query, Boolean async)
   at Microsoft.EntityFrameworkCore.Query.Internal.QueryCompiler.CompileQueryCore[TResult](IDatabase database, Expression query, IModel model, Boolean async)
   at Microsoft.EntityFrameworkCore.Query.Internal.QueryCompiler.<>c__DisplayClass12_0`1.<ExecuteAsync>b__0()
   at Microsoft.EntityFrameworkCore.Query.Internal.CompiledQueryCache.GetOrAddQuery[TResult](Object cacheKey, Func`1 compiler)
   at Microsoft.EntityFrameworkCore.Query.Internal.QueryCompiler.ExecuteAsync[TResult](Expression query, CancellationToken cancellationToken)
   at Microsoft.EntityFrameworkCore.EntityFrameworkQueryableExtensions.ExecuteAsync[TSource,TResult](MethodInfo operatorMethodInfo, IQueryable`1 source, Expression expression, CancellationToken cancellationToken)
   at Microsoft.EntityFrameworkCore.EntityFrameworkQueryableExtensions.ExecuteAsync[TSource,TResult](MethodInfo operatorMethodInfo, IQueryable`1 source, CancellationToken cancellationToken)
   at Microsoft.EntityFrameworkCore.EntityFrameworkQueryableExtensions.CountAsync[TSource](IQueryable`1 source, CancellationToken cancellationToken)
   at VaatcoBMS.Infrastructure.Repositories.InvoiceRepository.GetPagedAsync(InvoiceQueryParams q) in H:\VaatcoBMS\VaatcoBMS.Infrastructure\Repositories\InvoiceRepository.cs:line 104
   at VaatcoBMS.Application.Services.InvoiceService.GetPagedAsync(InvoiceQueryParams q) in H:\VaatcoBMS\VaatcoBMS.Application\Services\InvoiceService.cs:line 226
   at VaatcoBMS.Web.Controllers.Api.InvoiceApiController.GetAll(InvoiceQueryParams q) in H:\VaatcoBMS\VaatcoBMS.Web\Controllers\Api\InvoiceApiController.cs:line 29
   at Microsoft.AspNetCore.Mvc.Infrastructure.ActionMethodExecutor.TaskOfIActionResultExecutor.Execute(ActionContext actionContext, IActionResultTypeMapper mapper, ObjectMethodExecutor executor, Object controller, Object[] arguments)
   at Microsoft.AspNetCore.Mvc.Infrastructure.ControllerActionInvoker.<InvokeActionMethodAsync>g__Awaited|12_0(ControllerActionInvoker invoker, ValueTask`1 actionResultValueTask)
   at Microsoft.AspNetCore.Mvc.Infrastructure.ControllerActionInvoker.<InvokeNextActionFilterAsync>g__Awaited|10_0(ControllerActionInvoker invoker, Task lastTask, State next, Scope scope, Object state, Boolean isCompleted)
   at Microsoft.AspNetCore.Mvc.Infrastructure.ControllerActionInvoker.Rethrow(ActionExecutedContextSealed context)
   at Microsoft.AspNetCore.Mvc.Infrastructure.ControllerActionInvoker.Next(State& next, Scope& scope, Object& state, Boolean& isCompleted)
   at Microsoft.AspNetCore.Mvc.Infrastructure.ControllerActionInvoker.InvokeInnerFilterAsync()
--- End of stack trace from previous location ---
   at Microsoft.AspNetCore.Mvc.Infrastructure.ResourceInvoker.<InvokeNextResourceFilter>g__Awaited|25_0(ResourceInvoker invoker, Task lastTask, State next, Scope scope, Object state, Boolean isCompleted)
   at Microsoft.AspNetCore.Mvc.Infrastructure.ResourceInvoker.Rethrow(ResourceExecutedContextSealed context)
   at Microsoft.AspNetCore.Mvc.Infrastructure.ResourceInvoker.Next(State& next, Scope& scope, Object& state, Boolean& isCompleted)
   at Microsoft.AspNetCore.Mvc.Infrastructure.ResourceInvoker.InvokeFilterPipelineAsync()
--- End of stack trace from previous location ---
   at Microsoft.AspNetCore.Mvc.Infrastructure.ResourceInvoker.<InvokeAsync>g__Awaited|17_0(ResourceInvoker invoker, Task task, IDisposable scope)
   at Microsoft.AspNetCore.Mvc.Infrastructure.ResourceInvoker.<InvokeAsync>g__Awaited|17_0(ResourceInvoker invoker, Task task, IDisposable scope)
   at Swashbuckle.AspNetCore.SwaggerUI.SwaggerUIMiddleware.Invoke(HttpContext httpContext)
   at Swashbuckle.AspNetCore.Swagger.SwaggerMiddleware.Invoke(HttpContext httpContext, ISwaggerProvider swaggerProvider)
   at Microsoft.AspNetCore.Authorization.AuthorizationMiddleware.Invoke(HttpContext context)
   at Microsoft.AspNetCore.Authentication.AuthenticationMiddleware.Invoke(HttpContext context)
   at Microsoft.AspNetCore.Session.SessionMiddleware.Invoke(HttpContext context)
   at Microsoft.AspNetCore.Session.SessionMiddleware.Invoke(HttpContext context)
   at VaatcoBMS.Web.Middleware.RequestLoggingMiddleware.InvokeAsync(HttpContext ctx) in H:\VaatcoBMS\VaatcoBMS.Web\Middleware\RequestLoggingMiddleware.cs:line 10
   at VaatcoBMS.Web.Middleware.ExceptionHandlingMiddleware.InvokeAsync(HttpContext ctx) in H:\VaatcoBMS\VaatcoBMS.Web\Middleware\ExceptionHandlingMiddleware.cs:line 9
2026-04-28 20:14:09.898 +06:00 [INF] GET /api/invoices?page=1&pageSize=20&search=&status= => 200 in 6ms
2026-04-28 20:14:10.467 +06:00 [WRN] Bad request: /api/invoices
System.InvalidOperationException: The LINQ expression 'DbSet<Invoice>()
    .Where(i => i.InvoiceNumber.Contains(
        value: __term_0, 
        comparisonType: CurrentCultureIgnoreCase) || i.ReferenceNumber != null && i.ReferenceNumber.Contains(
        value: __term_0, 
        comparisonType: CurrentCultureIgnoreCase))' could not be translated. Additional information: Translation of method 'string.Contains' failed. If this method can be mapped to your custom function, see https://go.microsoft.com/fwlink/?linkid=2132413 for more information.
Translation of method 'string.Contains' failed. If this method can be mapped to your custom function, see https://go.microsoft.com/fwlink/?linkid=2132413 for more information. Either rewrite the query in a form that can be translated, or switch to client evaluation explicitly by inserting a call to 'AsEnumerable', 'AsAsyncEnumerable', 'ToList', or 'ToListAsync'. See https://go.microsoft.com/fwlink/?linkid=2101038 for more information.
   at Microsoft.EntityFrameworkCore.Query.QueryableMethodTranslatingExpressionVisitor.Translate(Expression expression)
   at Microsoft.EntityFrameworkCore.Query.RelationalQueryableMethodTranslatingExpressionVisitor.Translate(Expression expression)
   at Microsoft.EntityFrameworkCore.Query.QueryCompilationContext.CreateQueryExecutor[TResult](Expression query)
   at Microsoft.EntityFrameworkCore.Storage.Database.CompileQuery[TResult](Expression query, Boolean async)
   at Microsoft.EntityFrameworkCore.Query.Internal.QueryCompiler.CompileQueryCore[TResult](IDatabase database, Expression query, IModel model, Boolean async)
   at Microsoft.EntityFrameworkCore.Query.Internal.QueryCompiler.<>c__DisplayClass12_0`1.<ExecuteAsync>b__0()
   at Microsoft.EntityFrameworkCore.Query.Internal.CompiledQueryCache.GetOrAddQuery[TResult](Object cacheKey, Func`1 compiler)
   at Microsoft.EntityFrameworkCore.Query.Internal.QueryCompiler.ExecuteAsync[TResult](Expression query, CancellationToken cancellationToken)
   at Microsoft.EntityFrameworkCore.EntityFrameworkQueryableExtensions.ExecuteAsync[TSource,TResult](MethodInfo operatorMethodInfo, IQueryable`1 source, Expression expression, CancellationToken cancellationToken)
   at Microsoft.EntityFrameworkCore.EntityFrameworkQueryableExtensions.ExecuteAsync[TSource,TResult](MethodInfo operatorMethodInfo, IQueryable`1 source, CancellationToken cancellationToken)
   at Microsoft.EntityFrameworkCore.EntityFrameworkQueryableExtensions.CountAsync[TSource](IQueryable`1 source, CancellationToken cancellationToken)
   at VaatcoBMS.Infrastructure.Repositories.InvoiceRepository.GetPagedAsync(InvoiceQueryParams q) in H:\VaatcoBMS\VaatcoBMS.Infrastructure\Repositories\InvoiceRepository.cs:line 104
   at VaatcoBMS.Application.Services.InvoiceService.GetPagedAsync(InvoiceQueryParams q) in H:\VaatcoBMS\VaatcoBMS.Application\Services\InvoiceService.cs:line 226
   at VaatcoBMS.Web.Controllers.Api.InvoiceApiController.GetAll(InvoiceQueryParams q) in H:\VaatcoBMS\VaatcoBMS.Web\Controllers\Api\InvoiceApiController.cs:line 29
   at Microsoft.AspNetCore.Mvc.Infrastructure.ActionMethodExecutor.TaskOfIActionResultExecutor.Execute(ActionContext actionContext, IActionResultTypeMapper mapper, ObjectMethodExecutor executor, Object controller, Object[] arguments)
   at Microsoft.AspNetCore.Mvc.Infrastructure.ControllerActionInvoker.<InvokeActionMethodAsync>g__Awaited|12_0(ControllerActionInvoker invoker, ValueTask`1 actionResultValueTask)
   at Microsoft.AspNetCore.Mvc.Infrastructure.ControllerActionInvoker.<InvokeNextActionFilterAsync>g__Awaited|10_0(ControllerActionInvoker invoker, Task lastTask, State next, Scope scope, Object state, Boolean isCompleted)
   at Microsoft.AspNetCore.Mvc.Infrastructure.ControllerActionInvoker.Rethrow(ActionExecutedContextSealed context)
   at Microsoft.AspNetCore.Mvc.Infrastructure.ControllerActionInvoker.Next(State& next, Scope& scope, Object& state, Boolean& isCompleted)
   at Microsoft.AspNetCore.Mvc.Infrastructure.ControllerActionInvoker.InvokeInnerFilterAsync()
--- End of stack trace from previous location ---
   at Microsoft.AspNetCore.Mvc.Infrastructure.ResourceInvoker.<InvokeNextResourceFilter>g__Awaited|25_0(ResourceInvoker invoker, Task lastTask, State next, Scope scope, Object state, Boolean isCompleted)
   at Microsoft.AspNetCore.Mvc.Infrastructure.ResourceInvoker.Rethrow(ResourceExecutedContextSealed context)
   at Microsoft.AspNetCore.Mvc.Infrastructure.ResourceInvoker.Next(State& next, Scope& scope, Object& state, Boolean& isCompleted)
   at Microsoft.AspNetCore.Mvc.Infrastructure.ResourceInvoker.InvokeFilterPipelineAsync()
--- End of stack trace from previous location ---
   at Microsoft.AspNetCore.Mvc.Infrastructure.ResourceInvoker.<InvokeAsync>g__Awaited|17_0(ResourceInvoker invoker, Task task, IDisposable scope)
   at Microsoft.AspNetCore.Mvc.Infrastructure.ResourceInvoker.<InvokeAsync>g__Awaited|17_0(ResourceInvoker invoker, Task task, IDisposable scope)
   at Swashbuckle.AspNetCore.SwaggerUI.SwaggerUIMiddleware.Invoke(HttpContext httpContext)
   at Swashbuckle.AspNetCore.Swagger.SwaggerMiddleware.Invoke(HttpContext httpContext, ISwaggerProvider swaggerProvider)
   at Microsoft.AspNetCore.Authorization.AuthorizationMiddleware.Invoke(HttpContext context)
   at Microsoft.AspNetCore.Authentication.AuthenticationMiddleware.Invoke(HttpContext context)
   at Microsoft.AspNetCore.Session.SessionMiddleware.Invoke(HttpContext context)
   at Microsoft.AspNetCore.Session.SessionMiddleware.Invoke(HttpContext context)
   at VaatcoBMS.Web.Middleware.RequestLoggingMiddleware.InvokeAsync(HttpContext ctx) in H:\VaatcoBMS\VaatcoBMS.Web\Middleware\RequestLoggingMiddleware.cs:line 10
   at VaatcoBMS.Web.Middleware.ExceptionHandlingMiddleware.InvokeAsync(HttpContext ctx) in H:\VaatcoBMS\VaatcoBMS.Web\Middleware\ExceptionHandlingMiddleware.cs:line 9
2026-04-28 20:14:12.121 +06:00 [INF] GET /api/invoices?page=1&pageSize=20&search=&status= => 200 in 9ms
2026-04-28 20:14:14.210 +06:00 [INF] GET /auth/UserProfile => 404 in 2ms
2026-04-28 20:15:28.728 +06:00 [INF] GET /Invoices/2 => 200 in 64ms
2026-04-28 20:15:28.763 +06:00 [INF] Retrieved 0 pending approval users
2026-04-28 20:15:28.766 +06:00 [INF] GET /api/users/pending => 200 in 6ms
2026-04-28 20:15:37.242 +06:00 [INF] DELETE /api/payments/1 => 200 in 322ms
2026-04-28 20:15:37.887 +06:00 [INF] GET /Invoices/2 => 200 in 15ms
2026-04-28 20:15:37.920 +06:00 [INF] Retrieved 0 pending approval users
2026-04-28 20:15:37.923 +06:00 [INF] GET /api/users/pending => 200 in 6ms
2026-04-28 20:15:46.624 +06:00 [INF] Payment ৳1029 recorded for invoice 2
2026-04-28 20:15:46.632 +06:00 [INF] POST /api/payments => 200 in 34ms
2026-04-28 20:15:47.269 +06:00 [INF] GET /Invoices/2 => 200 in 5ms
2026-04-28 20:15:47.311 +06:00 [INF] Retrieved 0 pending approval users
2026-04-28 20:15:47.313 +06:00 [INF] GET /api/users/pending => 200 in 4ms
2026-04-28 20:15:51.456 +06:00 [INF] DELETE /api/payments/3 => 200 in 41ms
2026-04-28 20:15:52.102 +06:00 [INF] GET /Invoices/2 => 200 in 5ms
2026-04-28 20:15:52.141 +06:00 [INF] Retrieved 0 pending approval users
2026-04-28 20:15:52.144 +06:00 [INF] GET /api/users/pending => 200 in 5ms
2026-04-28 20:15:59.301 +06:00 [INF] Payment ৳500 recorded for invoice 2
2026-04-28 20:15:59.306 +06:00 [INF] POST /api/payments => 200 in 50ms
2026-04-28 20:15:59.934 +06:00 [INF] GET /Invoices/2 => 200 in 4ms
2026-04-28 20:15:59.993 +06:00 [INF] Retrieved 0 pending approval users
2026-04-28 20:15:59.997 +06:00 [INF] GET /api/users/pending => 200 in 6ms
2026-04-28 20:16:10.933 +06:00 [INF] GET /Invoices => 200 in 15ms
2026-04-28 20:16:10.969 +06:00 [INF] Retrieved 0 pending approval users
2026-04-28 20:16:10.972 +06:00 [INF] GET /api/users/pending => 200 in 5ms
2026-04-28 20:16:10.998 +06:00 [INF] GET /api/invoices/stats => 200 in 8ms
2026-04-28 20:16:11.114 +06:00 [INF] GET /api/invoices?page=1&pageSize=20&search=&status= => 200 in 124ms
2026-04-28 20:16:20.477 +06:00 [INF] GET /auth/UserProfile => 404 in 0ms
2026-04-28 20:16:38.395 +06:00 [INF] GET /Products => 200 in 70ms
2026-04-28 20:16:38.459 +06:00 [INF] Retrieved 0 pending approval users
2026-04-28 20:16:38.468 +06:00 [INF] GET /api/users/pending => 200 in 15ms
2026-04-28 20:16:38.502 +06:00 [INF] GET /api/products?pageSize=1&isActive=true => 200 in 20ms
2026-04-28 20:16:38.503 +06:00 [INF] GET /api/products?pageSize=1&stockStatus=Low => 200 in 21ms
2026-04-28 20:16:38.508 +06:00 [INF] GET /api/products?page=1&pageSize=20&search=&stockStatus=&isActive=&sortBy=name&sortDir=asc => 200 in 30ms
2026-04-28 20:16:38.516 +06:00 [INF] GET /api/products?pageSize=1&stockStatus=Out%20of%20Stock => 200 in 32ms
2026-04-28 20:16:38.520 +06:00 [INF] GET /api/products?pageSize=1&stockStatus=OK => 200 in 39ms
2026-04-28 20:16:44.788 +06:00 [WRN] Bad request: /api/products
System.InvalidOperationException: The LINQ expression 'DbSet<Product>()
    .Where(p => p.Name.Contains(
        value: __term_0, 
        comparisonType: CurrentCultureIgnoreCase) || p.Code.Contains(
        value: __term_0, 
        comparisonType: CurrentCultureIgnoreCase))' could not be translated. Additional information: Translation of method 'string.Contains' failed. If this method can be mapped to your custom function, see https://go.microsoft.com/fwlink/?linkid=2132413 for more information.
Translation of method 'string.Contains' failed. If this method can be mapped to your custom function, see https://go.microsoft.com/fwlink/?linkid=2132413 for more information. Either rewrite the query in a form that can be translated, or switch to client evaluation explicitly by inserting a call to 'AsEnumerable', 'AsAsyncEnumerable', 'ToList', or 'ToListAsync'. See https://go.microsoft.com/fwlink/?linkid=2101038 for more information.
   at Microsoft.EntityFrameworkCore.Query.QueryableMethodTranslatingExpressionVisitor.Translate(Expression expression)
   at Microsoft.EntityFrameworkCore.Query.RelationalQueryableMethodTranslatingExpressionVisitor.Translate(Expression expression)
   at Microsoft.EntityFrameworkCore.Query.QueryCompilationContext.CreateQueryExecutor[TResult](Expression query)
   at Microsoft.EntityFrameworkCore.Storage.Database.CompileQuery[TResult](Expression query, Boolean async)
   at Microsoft.EntityFrameworkCore.Query.Internal.QueryCompiler.CompileQueryCore[TResult](IDatabase database, Expression query, IModel model, Boolean async)
   at Microsoft.EntityFrameworkCore.Query.Internal.QueryCompiler.<>c__DisplayClass12_0`1.<ExecuteAsync>b__0()
   at Microsoft.EntityFrameworkCore.Query.Internal.CompiledQueryCache.GetOrAddQuery[TResult](Object cacheKey, Func`1 compiler)
   at Microsoft.EntityFrameworkCore.Query.Internal.QueryCompiler.ExecuteAsync[TResult](Expression query, CancellationToken cancellationToken)
   at Microsoft.EntityFrameworkCore.EntityFrameworkQueryableExtensions.ExecuteAsync[TSource,TResult](MethodInfo operatorMethodInfo, IQueryable`1 source, Expression expression, CancellationToken cancellationToken)
   at Microsoft.EntityFrameworkCore.EntityFrameworkQueryableExtensions.ExecuteAsync[TSource,TResult](MethodInfo operatorMethodInfo, IQueryable`1 source, CancellationToken cancellationToken)
   at Microsoft.EntityFrameworkCore.EntityFrameworkQueryableExtensions.CountAsync[TSource](IQueryable`1 source, CancellationToken cancellationToken)
   at VaatcoBMS.Infrastructure.Repositories.ProductRepository.GetPagedAsync(ProductQueryParams q) in H:\VaatcoBMS\VaatcoBMS.Infrastructure\Repositories\ProductRepository.cs:line 55
   at VaatcoBMS.Application.Services.ProductService.GetPagedAsync(ProductQueryParams q) in H:\VaatcoBMS\VaatcoBMS.Application\Services\ProductService.cs:line 219
   at VaatcoBMS.Web.Controllers.Api.ProductApiController.GetAll(ProductQueryParams q) in H:\VaatcoBMS\VaatcoBMS.Web\Controllers\Api\ProductApiController.cs:line 23
   at Microsoft.AspNetCore.Mvc.Infrastructure.ActionMethodExecutor.TaskOfIActionResultExecutor.Execute(ActionContext actionContext, IActionResultTypeMapper mapper, ObjectMethodExecutor executor, Object controller, Object[] arguments)
   at Microsoft.AspNetCore.Mvc.Infrastructure.ControllerActionInvoker.<InvokeActionMethodAsync>g__Awaited|12_0(ControllerActionInvoker invoker, ValueTask`1 actionResultValueTask)
   at Microsoft.AspNetCore.Mvc.Infrastructure.ControllerActionInvoker.<InvokeNextActionFilterAsync>g__Awaited|10_0(ControllerActionInvoker invoker, Task lastTask, State next, Scope scope, Object state, Boolean isCompleted)
   at Microsoft.AspNetCore.Mvc.Infrastructure.ControllerActionInvoker.Rethrow(ActionExecutedContextSealed context)
   at Microsoft.AspNetCore.Mvc.Infrastructure.ControllerActionInvoker.Next(State& next, Scope& scope, Object& state, Boolean& isCompleted)
   at Microsoft.AspNetCore.Mvc.Infrastructure.ControllerActionInvoker.InvokeInnerFilterAsync()
--- End of stack trace from previous location ---
   at Microsoft.AspNetCore.Mvc.Infrastructure.ResourceInvoker.<InvokeNextResourceFilter>g__Awaited|25_0(ResourceInvoker invoker, Task lastTask, State next, Scope scope, Object state, Boolean isCompleted)
   at Microsoft.AspNetCore.Mvc.Infrastructure.ResourceInvoker.Rethrow(ResourceExecutedContextSealed context)
   at Microsoft.AspNetCore.Mvc.Infrastructure.ResourceInvoker.Next(State& next, Scope& scope, Object& state, Boolean& isCompleted)
   at Microsoft.AspNetCore.Mvc.Infrastructure.ResourceInvoker.InvokeFilterPipelineAsync()
--- End of stack trace from previous location ---
   at Microsoft.AspNetCore.Mvc.Infrastructure.ResourceInvoker.<InvokeAsync>g__Awaited|17_0(ResourceInvoker invoker, Task task, IDisposable scope)
   at Microsoft.AspNetCore.Mvc.Infrastructure.ResourceInvoker.<InvokeAsync>g__Awaited|17_0(ResourceInvoker invoker, Task task, IDisposable scope)
   at Swashbuckle.AspNetCore.SwaggerUI.SwaggerUIMiddleware.Invoke(HttpContext httpContext)
   at Swashbuckle.AspNetCore.Swagger.SwaggerMiddleware.Invoke(HttpContext httpContext, ISwaggerProvider swaggerProvider)
   at Microsoft.AspNetCore.Authorization.AuthorizationMiddleware.Invoke(HttpContext context)
   at Microsoft.AspNetCore.Authentication.AuthenticationMiddleware.Invoke(HttpContext context)
   at Microsoft.AspNetCore.Session.SessionMiddleware.Invoke(HttpContext context)
   at Microsoft.AspNetCore.Session.SessionMiddleware.Invoke(HttpContext context)
   at VaatcoBMS.Web.Middleware.RequestLoggingMiddleware.InvokeAsync(HttpContext ctx) in H:\VaatcoBMS\VaatcoBMS.Web\Middleware\RequestLoggingMiddleware.cs:line 10
   at VaatcoBMS.Web.Middleware.ExceptionHandlingMiddleware.InvokeAsync(HttpContext ctx) in H:\VaatcoBMS\VaatcoBMS.Web\Middleware\ExceptionHandlingMiddleware.cs:line 9
2026-04-28 20:16:46.503 +06:00 [INF] GET /api/products?page=1&pageSize=20&search=&stockStatus=&isActive=&sortBy=name&sortDir=asc => 200 in 3ms
2026-04-28 20:17:11.032 +06:00 [INF] GET /api/products/3 => 200 in 7ms
2026-04-28 20:17:17.268 +06:00 [INF] Product soft deleted successfully. Id: 3, Code: Odonill, Name: Odonoll granular
2026-04-28 20:17:17.274 +06:00 [INF] DELETE /api/products/3 => 200 in 58ms
2026-04-28 20:17:17.292 +06:00 [INF] GET /api/products?pageSize=1&isActive=true => 200 in 4ms
2026-04-28 20:17:17.292 +06:00 [INF] GET /api/products?pageSize=1&stockStatus=OK => 200 in 4ms
2026-04-28 20:17:17.294 +06:00 [INF] GET /api/products?page=1&pageSize=20&search=&stockStatus=&isActive=&sortBy=name&sortDir=asc => 200 in 6ms
2026-04-28 20:17:17.296 +06:00 [INF] GET /api/products?pageSize=1&stockStatus=Out%20of%20Stock => 200 in 5ms
2026-04-28 20:17:17.296 +06:00 [INF] GET /api/products?pageSize=1&stockStatus=Low => 200 in 6ms
2026-04-28 20:17:37.515 +06:00 [INF] GET /Customers => 200 in 37ms
2026-04-28 20:17:37.547 +06:00 [INF] Retrieved 0 pending approval users
2026-04-28 20:17:37.549 +06:00 [INF] GET /api/users/pending => 200 in 4ms
2026-04-28 20:17:37.575 +06:00 [INF] GET /api/customers?page=1&pageSize=20&search= => 200 in 4ms
2026-04-28 20:17:49.284 +06:00 [INF] GET /Home/Index => 200 in 2ms
2026-04-28 20:17:49.391 +06:00 [INF] Found 0 products with low stock (threshold: 10)
2026-04-28 20:17:49.391 +06:00 [INF] Retrieved 0 pending approval users
2026-04-28 20:17:49.397 +06:00 [INF] GET /api/invoices/stats => 200 in 37ms
2026-04-28 20:17:49.399 +06:00 [INF] GET /api/customers => 200 in 38ms
2026-04-28 20:17:49.403 +06:00 [INF] GET /api/products/low-stock?threshold=10 => 200 in 38ms
2026-04-28 20:17:49.405 +06:00 [INF] GET /api/users/pending => 200 in 78ms
2026-04-28 20:17:49.414 +06:00 [INF] Retrieved 0 pending approval users
2026-04-28 20:17:49.417 +06:00 [INF] GET /api/invoices?page=1&size=6 => 200 in 56ms
2026-04-28 20:17:49.430 +06:00 [INF] GET /api/users/pending => 200 in 21ms
2026-04-28 20:17:51.172 +06:00 [INF] Retrieved 0 pending approval users
2026-04-28 20:17:51.180 +06:00 [INF] GET /admin/pending => 200 in 9ms
2026-04-28 20:17:51.230 +06:00 [INF] Retrieved 0 pending approval users
2026-04-28 20:17:51.233 +06:00 [INF] GET /api/users/pending => 200 in 7ms
2026-04-28 20:17:52.188 +06:00 [INF] GET /Users/List => 200 in 4ms
2026-04-28 20:17:52.254 +06:00 [INF] Retrieved 0 pending approval users
2026-04-28 20:17:52.265 +06:00 [INF] GET /api/users/pending => 200 in 14ms
2026-04-28 20:17:53.975 +06:00 [INF] GET /Customers => 200 in 4ms
2026-04-28 20:17:54.013 +06:00 [INF] Retrieved 0 pending approval users
2026-04-28 20:17:54.016 +06:00 [INF] GET /api/users/pending => 200 in 5ms
2026-04-28 20:17:54.039 +06:00 [INF] GET /api/customers?page=1&pageSize=20&search= => 200 in 3ms
2026-04-28 20:18:27.442 +06:00 [ERR] The view 'ManageAdmins' was not found. Searched locations: ["/Views/Admin/ManageAdmins.cshtml","/Views/Shared/ManageAdmins.cshtml"]
2026-04-28 20:18:27.449 +06:00 [WRN] Bad request: /admin/manage-admins
System.InvalidOperationException: The view 'ManageAdmins' was not found. The following locations were searched:
/Views/Admin/ManageAdmins.cshtml
/Views/Shared/ManageAdmins.cshtml
   at Microsoft.AspNetCore.Mvc.ViewEngines.ViewEngineResult.EnsureSuccessful(IEnumerable`1 originalLocations)
   at Microsoft.AspNetCore.Mvc.ViewFeatures.ViewResultExecutor.ExecuteAsync(ActionContext context, ViewResult result)
   at Microsoft.AspNetCore.Mvc.ViewResult.ExecuteResultAsync(ActionContext context)
   at Microsoft.AspNetCore.Mvc.Infrastructure.ResourceInvoker.<InvokeNextResultFilterAsync>g__Awaited|30_0[TFilter,TFilterAsync](ResourceInvoker invoker, Task lastTask, State next, Scope scope, Object state, Boolean isCompleted)
   at Microsoft.AspNetCore.Mvc.Infrastructure.ResourceInvoker.Rethrow(ResultExecutedContextSealed context)
   at Microsoft.AspNetCore.Mvc.Infrastructure.ResourceInvoker.ResultNext[TFilter,TFilterAsync](State& next, Scope& scope, Object& state, Boolean& isCompleted)
   at Microsoft.AspNetCore.Mvc.Infrastructure.ResourceInvoker.InvokeResultFilters()
--- End of stack trace from previous location ---
   at Microsoft.AspNetCore.Mvc.Infrastructure.ResourceInvoker.<InvokeNextResourceFilter>g__Awaited|25_0(ResourceInvoker invoker, Task lastTask, State next, Scope scope, Object state, Boolean isCompleted)
   at Microsoft.AspNetCore.Mvc.Infrastructure.ResourceInvoker.Rethrow(ResourceExecutedContextSealed context)
   at Microsoft.AspNetCore.Mvc.Infrastructure.ResourceInvoker.Next(State& next, Scope& scope, Object& state, Boolean& isCompleted)
   at Microsoft.AspNetCore.Mvc.Infrastructure.ResourceInvoker.<InvokeFilterPipelineAsync>g__Awaited|20_0(ResourceInvoker invoker, Task lastTask, State next, Scope scope, Object state, Boolean isCompleted)
   at Microsoft.AspNetCore.Mvc.Infrastructure.ResourceInvoker.<InvokeAsync>g__Awaited|17_0(ResourceInvoker invoker, Task task, IDisposable scope)
   at Microsoft.AspNetCore.Mvc.Infrastructure.ResourceInvoker.<InvokeAsync>g__Awaited|17_0(ResourceInvoker invoker, Task task, IDisposable scope)
   at Swashbuckle.AspNetCore.SwaggerUI.SwaggerUIMiddleware.Invoke(HttpContext httpContext)
   at Swashbuckle.AspNetCore.Swagger.SwaggerMiddleware.Invoke(HttpContext httpContext, ISwaggerProvider swaggerProvider)
   at Microsoft.AspNetCore.Authorization.AuthorizationMiddleware.Invoke(HttpContext context)
   at Microsoft.AspNetCore.Authentication.AuthenticationMiddleware.Invoke(HttpContext context)
   at Microsoft.AspNetCore.Session.SessionMiddleware.Invoke(HttpContext context)
   at Microsoft.AspNetCore.Session.SessionMiddleware.Invoke(HttpContext context)
   at VaatcoBMS.Web.Middleware.RequestLoggingMiddleware.InvokeAsync(HttpContext ctx) in H:\VaatcoBMS\VaatcoBMS.Web\Middleware\RequestLoggingMiddleware.cs:line 10
   at VaatcoBMS.Web.Middleware.ExceptionHandlingMiddleware.InvokeAsync(HttpContext ctx) in H:\VaatcoBMS\VaatcoBMS.Web\Middleware\ExceptionHandlingMiddleware.cs:line 9
2026-04-28 20:18:27.471 +06:00 [INF] GET /Auth/Login?error=The%20view%20%27ManageAdmins%27%20was%20not%20found.%20The%20following%20locations%20were%20searched%3A%0D%0A%2FViews%2FAdmin%2FManageAdmins.cshtml%0D%0A%2FViews%2FShared%2FManageAdmins.cshtml => 302 in 1ms
2026-04-28 20:18:27.483 +06:00 [INF] GET / => 200 in 1ms
2026-04-28 20:18:27.527 +06:00 [INF] Retrieved 0 pending approval users
2026-04-28 20:18:27.530 +06:00 [INF] GET /api/users/pending => 200 in 6ms
2026-04-28 20:18:27.549 +06:00 [INF] Retrieved 0 pending approval users
2026-04-28 20:18:27.552 +06:00 [INF] Found 0 products with low stock (threshold: 10)
2026-04-28 20:18:27.553 +06:00 [INF] GET /api/invoices/stats => 200 in 10ms
2026-04-28 20:18:27.554 +06:00 [INF] GET /api/customers => 200 in 11ms
2026-04-28 20:18:27.557 +06:00 [INF] GET /api/users/pending => 200 in 10ms
2026-04-28 20:18:27.557 +06:00 [INF] GET /api/invoices?page=1&size=6 => 200 in 12ms
2026-04-28 20:18:27.560 +06:00 [INF] GET /api/products/low-stock?threshold=10 => 200 in 14ms
2026-04-28 20:18:30.992 +06:00 [INF] Retrieved 0 pending approval users
2026-04-28 20:18:30.998 +06:00 [INF] GET /admin/pending => 200 in 6ms
2026-04-28 20:18:31.031 +06:00 [INF] Retrieved 0 pending approval users
2026-04-28 20:18:31.035 +06:00 [INF] GET /api/users/pending => 200 in 5ms
2026-04-28 20:18:36.755 +06:00 [INF] GET /Invoices/Create => 200 in 1ms
2026-04-28 20:18:36.796 +06:00 [INF] Retrieved 0 pending approval users
2026-04-28 20:18:36.799 +06:00 [INF] GET /api/users/pending => 200 in 6ms
2026-04-28 20:18:36.862 +06:00 [INF] GET /api/products/active => 200 in 4ms
2026-04-28 20:18:36.866 +06:00 [INF] GET /api/customers => 200 in 8ms
2026-04-28 20:18:47.859 +06:00 [INF] Retrieved 0 pending approval users
2026-04-28 20:18:47.863 +06:00 [INF] GET /admin/pending => 200 in 34ms
2026-04-28 20:18:47.935 +06:00 [INF] Retrieved 0 pending approval users
2026-04-28 20:18:47.940 +06:00 [INF] GET /api/users/pending => 200 in 21ms
2026-04-28 20:18:52.123 +06:00 [INF] GET /Users/List => 200 in 18ms
2026-04-28 20:18:52.158 +06:00 [INF] Retrieved 0 pending approval users
2026-04-28 20:18:52.161 +06:00 [INF] GET /api/users/pending => 200 in 4ms
2026-04-28 20:18:53.880 +06:00 [INF] GET /admin/create-user => 200 in 48ms
2026-04-28 20:18:53.911 +06:00 [INF] Retrieved 0 pending approval users
2026-04-28 20:18:53.914 +06:00 [INF] GET /api/users/pending => 200 in 4ms
2026-04-28 20:18:55.083 +06:00 [INF] GET /Invoices => 200 in 20ms
2026-04-28 20:18:55.116 +06:00 [INF] Retrieved 0 pending approval users
2026-04-28 20:18:55.119 +06:00 [INF] GET /api/users/pending => 200 in 5ms
2026-04-28 20:18:55.141 +06:00 [INF] GET /api/invoices/stats => 200 in 8ms
2026-04-28 20:18:55.149 +06:00 [INF] GET /api/invoices?page=1&pageSize=20&search=&status= => 200 in 16ms
2026-04-28 20:18:58.428 +06:00 [INF] GET /Invoices/4 => 200 in 130ms
2026-04-28 20:18:58.506 +06:00 [INF] Retrieved 0 pending approval users
2026-04-28 20:18:58.509 +06:00 [INF] GET /api/users/pending => 200 in 5ms
2026-04-28 20:19:01.108 +06:00 [INF] Invoice 4 status: "Draft" -> "Approved"
2026-04-28 20:19:01.112 +06:00 [INF] PUT /api/invoices/4/status => 200 in 280ms
2026-04-28 20:19:01.849 +06:00 [INF] GET /Invoices/4 => 200 in 4ms
2026-04-28 20:19:01.886 +06:00 [INF] Retrieved 0 pending approval users
2026-04-28 20:19:01.890 +06:00 [INF] GET /api/users/pending => 200 in 5ms
2026-04-28 20:19:09.179 +06:00 [INF] Payment ৳2520 recorded for invoice 4
2026-04-28 20:19:09.183 +06:00 [INF] POST /api/payments => 200 in 50ms
2026-04-28 20:19:09.807 +06:00 [INF] GET /Invoices/4 => 200 in 4ms
2026-04-28 20:19:09.845 +06:00 [INF] Retrieved 0 pending approval users
2026-04-28 20:19:09.848 +06:00 [INF] GET /api/users/pending => 200 in 4ms
2026-04-28 20:19:12.101 +06:00 [INF] GET /Invoices => 200 in 5ms
2026-04-28 20:19:12.136 +06:00 [INF] Retrieved 0 pending approval users
2026-04-28 20:19:12.139 +06:00 [INF] GET /api/users/pending => 200 in 5ms
2026-04-28 20:19:12.152 +06:00 [INF] GET /api/invoices/stats => 200 in 3ms
2026-04-28 20:19:12.152 +06:00 [INF] GET /api/invoices?page=1&pageSize=20&search=&status= => 200 in 3ms
2026-04-28 20:19:14.905 +06:00 [INF] GET /Invoices => 200 in 6ms
2026-04-28 20:19:14.935 +06:00 [INF] Retrieved 0 pending approval users
2026-04-28 20:19:14.938 +06:00 [INF] GET /api/users/pending => 200 in 5ms
2026-04-28 20:19:14.953 +06:00 [INF] GET /api/invoices/stats => 200 in 5ms
2026-04-28 20:19:14.957 +06:00 [INF] GET /api/invoices?page=1&pageSize=20&search=&status= => 200 in 8ms
2026-04-28 20:19:17.664 +06:00 [INF] GET /Home/Index => 200 in 1ms
2026-04-28 20:19:17.721 +06:00 [INF] Retrieved 0 pending approval users
2026-04-28 20:19:17.724 +06:00 [INF] GET /api/users/pending => 200 in 5ms
2026-04-28 20:19:17.746 +06:00 [INF] GET /api/invoices/stats => 200 in 8ms
2026-04-28 20:19:17.749 +06:00 [INF] GET /api/invoices?page=1&size=6 => 200 in 11ms
2026-04-28 20:19:17.754 +06:00 [INF] GET /api/customers => 200 in 17ms
2026-04-28 20:19:17.758 +06:00 [INF] Retrieved 0 pending approval users
2026-04-28 20:19:17.759 +06:00 [INF] Found 0 products with low stock (threshold: 10)
2026-04-28 20:19:17.777 +06:00 [INF] GET /api/users/pending => 200 in 36ms
2026-04-28 20:19:17.780 +06:00 [INF] GET /api/products/low-stock?threshold=10 => 200 in 39ms
2026-04-28 20:19:24.489 +06:00 [INF] GET /Products => 200 in 4ms
2026-04-28 20:19:24.530 +06:00 [INF] Retrieved 0 pending approval users
2026-04-28 20:19:24.532 +06:00 [INF] GET /api/users/pending => 200 in 4ms
2026-04-28 20:19:24.563 +06:00 [INF] GET /api/products?page=1&pageSize=20&search=&stockStatus=&isActive=&sortBy=name&sortDir=asc => 200 in 9ms
2026-04-28 20:19:24.567 +06:00 [INF] GET /api/products?pageSize=1&stockStatus=OK => 200 in 13ms
2026-04-28 20:19:24.569 +06:00 [INF] GET /api/products?pageSize=1&stockStatus=Low => 200 in 12ms
2026-04-28 20:19:24.569 +06:00 [INF] GET /api/products?pageSize=1&stockStatus=Out%20of%20Stock => 200 in 12ms
2026-04-28 20:19:24.571 +06:00 [INF] GET /api/products?pageSize=1&isActive=true => 200 in 18ms
2026-04-28 20:19:28.259 +06:00 [INF] GET /Customers/Create => 404 in 0ms
2026-04-28 20:19:52.123 +06:00 [INF] GET /Invoices/Create => 200 in 2ms
2026-04-28 20:19:52.236 +06:00 [INF] Retrieved 0 pending approval users
2026-04-28 20:19:52.239 +06:00 [INF] GET /api/products/active => 200 in 5ms
2026-04-28 20:19:52.239 +06:00 [INF] GET /api/users/pending => 200 in 20ms
2026-04-28 20:19:52.244 +06:00 [INF] GET /api/customers => 200 in 10ms
2026-04-28 20:20:00.517 +06:00 [INF] GET /Products => 200 in 19ms
2026-04-28 20:20:00.552 +06:00 [INF] Retrieved 0 pending approval users
2026-04-28 20:20:00.555 +06:00 [INF] GET /api/users/pending => 200 in 7ms
2026-04-28 20:20:00.599 +06:00 [INF] GET /api/products?page=1&pageSize=20&search=&stockStatus=&isActive=&sortBy=name&sortDir=asc => 200 in 12ms
2026-04-28 20:20:00.599 +06:00 [INF] GET /api/products?pageSize=1&stockStatus=Out%20of%20Stock => 200 in 9ms
2026-04-28 20:20:00.599 +06:00 [INF] GET /api/products?pageSize=1&isActive=true => 200 in 13ms
2026-04-28 20:20:00.601 +06:00 [INF] GET /api/products?pageSize=1&stockStatus=Low => 200 in 11ms
2026-04-28 20:20:00.605 +06:00 [INF] GET /api/products?pageSize=1&stockStatus=OK => 200 in 15ms
2026-04-28 20:20:03.100 +06:00 [INF] GET /api/products/2 => 200 in 4ms
2026-04-28 20:20:15.354 +06:00 [INF] GET /admin/create-user => 200 in 3ms
2026-04-28 20:20:15.405 +06:00 [INF] Retrieved 0 pending approval users
2026-04-28 20:20:15.409 +06:00 [INF] GET /api/users/pending => 200 in 8ms
2026-04-28 20:20:16.851 +06:00 [INF] GET /Users/List => 200 in 3ms
2026-04-28 20:20:16.887 +06:00 [INF] Retrieved 0 pending approval users
2026-04-28 20:20:16.889 +06:00 [INF] GET /api/users/pending => 200 in 4ms
2026-04-28 20:20:24.329 +06:00 [INF] GET /admin/create-user => 200 in 4ms
2026-04-28 20:20:24.385 +06:00 [INF] Retrieved 0 pending approval users
2026-04-28 20:20:24.389 +06:00 [INF] GET /api/users/pending => 200 in 7ms
2026-04-28 20:20:52.980 +06:00 [INF] User test3@gmail.com created by admin 1
2026-04-28 20:20:52.988 +06:00 [INF] POST /admin/create-user => 302 in 1090ms
2026-04-28 20:20:53.004 +06:00 [INF] GET /Users => 200 in 5ms
2026-04-28 20:20:53.037 +06:00 [INF] Retrieved 0 pending approval users
2026-04-28 20:20:53.040 +06:00 [INF] GET /api/users/pending => 200 in 4ms
2026-04-28 20:21:03.418 +06:00 [ERR] The view 'ManageAdmins' was not found. Searched locations: ["/Views/Admin/ManageAdmins.cshtml","/Views/Shared/ManageAdmins.cshtml"]
2026-04-28 20:21:03.427 +06:00 [WRN] Bad request: /admin/manage-admins
System.InvalidOperationException: The view 'ManageAdmins' was not found. The following locations were searched:
/Views/Admin/ManageAdmins.cshtml
/Views/Shared/ManageAdmins.cshtml
   at Microsoft.AspNetCore.Mvc.ViewFeatures.ViewResultExecutor.ExecuteAsync(ActionContext context, ViewResult result)
   at Microsoft.AspNetCore.Mvc.ViewResult.ExecuteResultAsync(ActionContext context)
   at Microsoft.AspNetCore.Mvc.Infrastructure.ResourceInvoker.<InvokeNextResultFilterAsync>g__Awaited|30_0[TFilter,TFilterAsync](ResourceInvoker invoker, Task lastTask, State next, Scope scope, Object state, Boolean isCompleted)
   at Microsoft.AspNetCore.Mvc.Infrastructure.ResourceInvoker.Rethrow(ResultExecutedContextSealed context)
   at Microsoft.AspNetCore.Mvc.Infrastructure.ResourceInvoker.ResultNext[TFilter,TFilterAsync](State& next, Scope& scope, Object& state, Boolean& isCompleted)
   at Microsoft.AspNetCore.Mvc.Infrastructure.ResourceInvoker.InvokeResultFilters()
--- End of stack trace from previous location ---
   at Microsoft.AspNetCore.Mvc.Infrastructure.ResourceInvoker.<InvokeNextResourceFilter>g__Awaited|25_0(ResourceInvoker invoker, Task lastTask, State next, Scope scope, Object state, Boolean isCompleted)
   at Microsoft.AspNetCore.Mvc.Infrastructure.ResourceInvoker.Rethrow(ResourceExecutedContextSealed context)
   at Microsoft.AspNetCore.Mvc.Infrastructure.ResourceInvoker.Next(State& next, Scope& scope, Object& state, Boolean& isCompleted)
   at Microsoft.AspNetCore.Mvc.Infrastructure.ResourceInvoker.<InvokeFilterPipelineAsync>g__Awaited|20_0(ResourceInvoker invoker, Task lastTask, State next, Scope scope, Object state, Boolean isCompleted)
   at Microsoft.AspNetCore.Mvc.Infrastructure.ResourceInvoker.<InvokeAsync>g__Awaited|17_0(ResourceInvoker invoker, Task task, IDisposable scope)
   at Microsoft.AspNetCore.Mvc.Infrastructure.ResourceInvoker.<InvokeAsync>g__Awaited|17_0(ResourceInvoker invoker, Task task, IDisposable scope)
   at Swashbuckle.AspNetCore.SwaggerUI.SwaggerUIMiddleware.Invoke(HttpContext httpContext)
   at Swashbuckle.AspNetCore.Swagger.SwaggerMiddleware.Invoke(HttpContext httpContext, ISwaggerProvider swaggerProvider)
   at Microsoft.AspNetCore.Authorization.AuthorizationMiddleware.Invoke(HttpContext context)
   at Microsoft.AspNetCore.Authentication.AuthenticationMiddleware.Invoke(HttpContext context)
   at Microsoft.AspNetCore.Session.SessionMiddleware.Invoke(HttpContext context)
   at Microsoft.AspNetCore.Session.SessionMiddleware.Invoke(HttpContext context)
   at VaatcoBMS.Web.Middleware.RequestLoggingMiddleware.InvokeAsync(HttpContext ctx) in H:\VaatcoBMS\VaatcoBMS.Web\Middleware\RequestLoggingMiddleware.cs:line 10
   at VaatcoBMS.Web.Middleware.ExceptionHandlingMiddleware.InvokeAsync(HttpContext ctx) in H:\VaatcoBMS\VaatcoBMS.Web\Middleware\ExceptionHandlingMiddleware.cs:line 9
2026-04-28 20:21:03.449 +06:00 [INF] GET /Auth/Login?error=The%20view%20%27ManageAdmins%27%20was%20not%20found.%20The%20following%20locations%20were%20searched%3A%0D%0A%2FViews%2FAdmin%2FManageAdmins.cshtml%0D%0A%2FViews%2FShared%2FManageAdmins.cshtml => 302 in 0ms
2026-04-28 20:21:03.460 +06:00 [INF] GET / => 200 in 1ms
2026-04-28 20:21:03.492 +06:00 [INF] Retrieved 0 pending approval users
2026-04-28 20:21:03.495 +06:00 [INF] GET /api/users/pending => 200 in 4ms
2026-04-28 20:21:03.532 +06:00 [INF] Retrieved 0 pending approval users
2026-04-28 20:21:03.534 +06:00 [INF] Found 0 products with low stock (threshold: 10)
2026-04-28 20:21:03.538 +06:00 [INF] GET /api/users/pending => 200 in 10ms
2026-04-28 20:21:03.539 +06:00 [INF] GET /api/customers => 200 in 13ms
2026-04-28 20:21:03.544 +06:00 [INF] GET /api/invoices/stats => 200 in 18ms
2026-04-28 20:21:03.544 +06:00 [INF] GET /api/products/low-stock?threshold=10 => 200 in 16ms
2026-04-28 20:21:03.551 +06:00 [INF] GET /api/invoices?page=1&size=6 => 200 in 22ms
2026-04-28 20:21:05.078 +06:00 [INF] GET /admin/create-user => 200 in 2ms
2026-04-28 20:21:05.132 +06:00 [INF] Retrieved 0 pending approval users
2026-04-28 20:21:05.136 +06:00 [INF] GET /api/users/pending => 200 in 7ms
2026-04-28 20:21:08.151 +06:00 [INF] GET /Users/List => 200 in 3ms
2026-04-28 20:21:08.192 +06:00 [INF] Retrieved 0 pending approval users
2026-04-28 20:21:08.196 +06:00 [INF] GET /api/users/pending => 200 in 5ms
2026-04-28 20:21:09.611 +06:00 [INF] Retrieved 0 pending approval users
2026-04-28 20:21:09.616 +06:00 [INF] GET /admin/pending => 200 in 6ms
2026-04-28 20:21:09.649 +06:00 [INF] Retrieved 0 pending approval users
2026-04-28 20:21:09.652 +06:00 [INF] GET /api/users/pending => 200 in 5ms
2026-04-28 20:21:18.133 +06:00 [INF] GET /Home/Index => 200 in 1ms
2026-04-28 20:21:18.177 +06:00 [INF] Retrieved 0 pending approval users
2026-04-28 20:21:18.181 +06:00 [INF] GET /api/users/pending => 200 in 5ms
2026-04-28 20:21:18.211 +06:00 [INF] Found 0 products with low stock (threshold: 10)
2026-04-28 20:21:18.212 +06:00 [INF] GET /api/invoices/stats => 200 in 8ms
2026-04-28 20:21:18.214 +06:00 [INF] GET /api/customers => 200 in 6ms
2026-04-28 20:21:18.215 +06:00 [INF] Retrieved 0 pending approval users
2026-04-28 20:21:18.219 +06:00 [INF] GET /api/invoices?page=1&size=6 => 200 in 11ms
2026-04-28 20:21:18.221 +06:00 [INF] GET /api/products/low-stock?threshold=10 => 200 in 12ms
2026-04-28 20:21:18.233 +06:00 [INF] GET /api/users/pending => 200 in 23ms
2026-04-28 20:21:28.456 +06:00 [INF] GET /Invoices => 200 in 36ms
2026-04-28 20:21:28.487 +06:00 [INF] Retrieved 0 pending approval users
2026-04-28 20:21:28.491 +06:00 [INF] GET /api/users/pending => 200 in 5ms
2026-04-28 20:21:28.512 +06:00 [INF] GET /api/invoices/stats => 200 in 3ms
2026-04-28 20:21:28.513 +06:00 [INF] GET /api/invoices?page=1&pageSize=20&search=&status= => 200 in 4ms
2026-04-28 20:22:17.477 +06:00 [INF] GET /Invoices/3 => 200 in 25ms
2026-04-28 20:22:17.615 +06:00 [INF] Retrieved 0 pending approval users
2026-04-28 20:22:17.618 +06:00 [INF] GET /api/users/pending => 200 in 7ms
2026-04-28 20:22:28.130 +06:00 [INF] GET /Invoices/2 => 200 in 4ms
2026-04-28 20:22:28.191 +06:00 [INF] Retrieved 0 pending approval users
2026-04-28 20:22:28.195 +06:00 [INF] GET /api/users/pending => 200 in 6ms
2026-04-28 20:23:33.066 +06:00 [INF] Payment ৳500 recorded for invoice 2
2026-04-28 20:23:33.070 +06:00 [INF] POST /api/payments => 200 in 52ms
2026-04-28 20:23:33.714 +06:00 [INF] GET /Invoices/2 => 200 in 15ms
2026-04-28 20:23:33.752 +06:00 [INF] Retrieved 0 pending approval users
2026-04-28 20:23:33.755 +06:00 [INF] GET /api/users/pending => 200 in 5ms
2026-04-28 20:23:37.546 +06:00 [INF] GET /Home/Index => 200 in 1ms
2026-04-28 20:23:37.586 +06:00 [INF] Retrieved 0 pending approval users
2026-04-28 20:23:37.589 +06:00 [INF] GET /api/users/pending => 200 in 5ms
2026-04-28 20:23:37.621 +06:00 [INF] Retrieved 0 pending approval users
2026-04-28 20:23:37.622 +06:00 [INF] GET /api/invoices/stats => 200 in 11ms
2026-04-28 20:23:37.624 +06:00 [INF] Found 0 products with low stock (threshold: 10)
2026-04-28 20:23:37.626 +06:00 [INF] GET /api/users/pending => 200 in 9ms
2026-04-28 20:23:37.630 +06:00 [INF] GET /api/customers => 200 in 17ms
2026-04-28 20:23:37.634 +06:00 [INF] GET /api/products/low-stock?threshold=10 => 200 in 18ms
2026-04-28 20:23:37.636 +06:00 [INF] GET /api/invoices?page=1&size=6 => 200 in 23ms
2026-04-28 20:23:53.339 +06:00 [INF] GET /Invoices => 200 in 130ms
2026-04-28 20:23:53.371 +06:00 [INF] Retrieved 0 pending approval users
2026-04-28 20:23:53.374 +06:00 [INF] GET /api/users/pending => 200 in 4ms
2026-04-28 20:23:53.389 +06:00 [INF] GET /api/invoices/stats => 200 in 3ms
2026-04-28 20:23:53.391 +06:00 [INF] GET /api/invoices?page=1&pageSize=20&search=&status= => 200 in 5ms
2026-04-28 20:23:57.924 +06:00 [INF] GET /Home/Index => 200 in 1ms
2026-04-28 20:23:57.967 +06:00 [INF] Retrieved 0 pending approval users
2026-04-28 20:23:57.970 +06:00 [INF] GET /api/users/pending => 200 in 5ms
2026-04-28 20:23:57.997 +06:00 [INF] Found 0 products with low stock (threshold: 10)
2026-04-28 20:23:57.997 +06:00 [INF] GET /api/invoices/stats => 200 in 6ms
2026-04-28 20:23:57.997 +06:00 [INF] GET /api/customers => 200 in 8ms
2026-04-28 20:23:57.999 +06:00 [INF] Retrieved 0 pending approval users
2026-04-28 20:23:58.001 +06:00 [INF] GET /api/invoices?page=1&size=6 => 200 in 9ms
2026-04-28 20:23:58.001 +06:00 [INF] GET /api/products/low-stock?threshold=10 => 200 in 10ms
2026-04-28 20:23:58.011 +06:00 [INF] GET /api/users/pending => 200 in 19ms
2026-04-28 21:52:21.588 +06:00 [INF] GET / => 200 in 345ms
2026-04-28 21:52:21.588 +06:00 [INF] GET /css/pagination.css?v=rfOGRPnozQEnbgPlKfPx-iBcWx-P9pcxckTPx4KpiJY => 304 in 5ms
2026-04-28 21:52:28.623 +06:00 [INF] Found 0 products with low stock (threshold: 10)
2026-04-28 21:52:28.853 +06:00 [INF] GET /api/products/low-stock?threshold=10 => 200 in 7039ms
2026-04-28 21:52:29.336 +06:00 [INF] GET /api/invoices/stats => 200 in 7524ms
2026-04-28 21:52:29.386 +06:00 [INF] Retrieved 0 pending approval users
2026-04-28 21:52:29.416 +06:00 [INF] GET /api/users/pending => 200 in 7610ms
2026-04-28 21:52:29.675 +06:00 [INF] Retrieved 0 pending approval users
2026-04-28 21:52:29.679 +06:00 [INF] GET /api/users/pending => 200 in 197ms
2026-04-28 21:52:29.772 +06:00 [INF] GET /api/customers => 200 in 7959ms
2026-04-28 21:52:29.825 +06:00 [INF] GET /api/invoices?page=1&size=6 => 200 in 8013ms
2026-04-28 21:53:21.839 +06:00 [INF] GET /Customers/Create => 404 in 2ms
2026-04-28 21:53:25.479 +06:00 [INF] GET /Customers => 200 in 198ms
2026-04-28 21:53:25.526 +06:00 [INF] Retrieved 0 pending approval users
2026-04-28 21:53:25.529 +06:00 [INF] GET /api/users/pending => 200 in 21ms
2026-04-28 21:53:25.561 +06:00 [INF] GET /api/customers?page=1&pageSize=20&search= => 200 in 22ms
2026-04-28 21:53:31.460 +06:00 [INF] GET /Home/Index => 200 in 2ms
2026-04-28 21:53:31.567 +06:00 [INF] Retrieved 0 pending approval users
2026-04-28 21:53:31.571 +06:00 [INF] GET /api/users/pending => 200 in 7ms
2026-04-28 21:53:31.621 +06:00 [INF] Retrieved 0 pending approval users
2026-04-28 21:53:31.631 +06:00 [INF] GET /api/customers => 200 in 24ms
2026-04-28 21:53:31.639 +06:00 [INF] GET /api/users/pending => 200 in 26ms
2026-04-28 21:53:31.640 +06:00 [INF] GET /api/invoices/stats => 200 in 33ms
2026-04-28 21:53:31.724 +06:00 [INF] Found 0 products with low stock (threshold: 10)
2026-04-28 21:53:31.728 +06:00 [INF] GET /api/products/low-stock?threshold=10 => 200 in 116ms
2026-04-28 21:53:31.753 +06:00 [INF] GET /api/invoices?page=1&size=6 => 200 in 145ms
2026-04-28 21:53:34.421 +06:00 [INF] GET /Customers => 200 in 5ms
2026-04-28 21:53:34.514 +06:00 [INF] Retrieved 0 pending approval users
2026-04-28 21:53:34.522 +06:00 [INF] GET /api/users/pending => 200 in 12ms
2026-04-28 21:53:34.535 +06:00 [INF] GET /api/customers?page=1&pageSize=20&search= => 200 in 15ms
2026-04-28 21:53:54.144 +06:00 [INF] Retrieved 0 pending approval users
2026-04-28 21:53:54.163 +06:00 [INF] GET /admin/pending => 200 in 35ms
2026-04-28 21:53:54.201 +06:00 [INF] Retrieved 0 pending approval users
2026-04-28 21:53:54.204 +06:00 [INF] GET /api/users/pending => 200 in 7ms
2026-04-28 21:53:55.485 +06:00 [INF] GET /Users/List => 200 in 33ms
2026-04-28 21:53:55.521 +06:00 [INF] Retrieved 0 pending approval users
2026-04-28 21:53:55.524 +06:00 [INF] GET /api/users/pending => 200 in 5ms
2026-04-28 21:53:58.044 +06:00 [INF] GET /Users/List => 200 in 14ms
2026-04-28 21:53:58.075 +06:00 [INF] Retrieved 0 pending approval users
2026-04-28 21:53:58.078 +06:00 [INF] GET /api/users/pending => 200 in 5ms
2026-04-28 21:54:00.158 +06:00 [INF] GET /admin/create-user => 200 in 102ms
2026-04-28 21:54:00.243 +06:00 [INF] Retrieved 0 pending approval users
2026-04-28 21:54:00.253 +06:00 [INF] GET /api/users/pending => 200 in 22ms
2026-04-28 21:54:05.456 +06:00 [INF] GET /Customers => 200 in 7ms
2026-04-28 21:54:05.515 +06:00 [INF] Retrieved 0 pending approval users
2026-04-28 21:54:05.520 +06:00 [INF] GET /api/users/pending => 200 in 9ms
2026-04-28 21:54:05.534 +06:00 [INF] GET /api/customers?page=1&pageSize=20&search= => 200 in 7ms
2026-04-28 21:54:07.605 +06:00 [INF] GET /Products => 200 in 37ms
2026-04-28 21:54:07.652 +06:00 [INF] Retrieved 0 pending approval users
2026-04-28 21:54:07.656 +06:00 [INF] GET /api/users/pending => 200 in 8ms
2026-04-28 21:54:08.060 +06:00 [INF] GET /api/products?pageSize=1&isActive=true => 200 in 390ms
2026-04-28 21:54:08.066 +06:00 [INF] GET /api/products?page=1&pageSize=20&search=&stockStatus=&isActive=&sortBy=name&sortDir=asc => 200 in 396ms
2026-04-28 21:54:08.234 +06:00 [INF] GET /api/products?pageSize=1&stockStatus=OK => 200 in 560ms
2026-04-28 21:54:08.234 +06:00 [INF] GET /api/products?pageSize=1&stockStatus=Low => 200 in 559ms
2026-04-28 21:54:08.404 +06:00 [INF] GET /api/products?pageSize=1&stockStatus=Out%20of%20Stock => 200 in 727ms
2026-04-28 21:54:12.480 +06:00 [INF] GET /Invoices => 200 in 214ms
2026-04-28 21:54:12.510 +06:00 [INF] Retrieved 0 pending approval users
2026-04-28 21:54:12.513 +06:00 [INF] GET /api/users/pending => 200 in 5ms
2026-04-28 21:54:12.537 +06:00 [INF] GET /api/invoices/stats => 200 in 12ms
2026-04-28 21:54:12.550 +06:00 [INF] GET /api/invoices?page=1&pageSize=20&search=&status= => 200 in 23ms
